<?xml version="1.0" encoding="UTF-8"?>
<!-- Generated by org.testng.reporters.JUnitReportReporter -->
<testsuite hostname="LAPTOP-C9OS29IC" failures="0" tests="1" name="PageObjectModel.PageObjectModel_Test.AppTest" time="0.004" errors="0" timestamp="31 Jul 2020 07:04:13 GMT">
  <testcase classname="PageObjectModel.PageObjectModel_Test.AppTest" name="shouldAnswerWithTrue" time="0.004"/>
</testsuite> <!-- PageObjectModel.PageObjectModel_Test.AppTest -->
