<?xml version="1.0" encoding="UTF-8"?>
<!-- Generated by org.testng.reporters.JUnitReportReporter -->
<testsuite hostname="LAPTOP-C9OS29IC" failures="0" tests="1" name="TestCases.TestApp" time="17.122" errors="0" timestamp="02 Aug 2020 10:49:27 GMT" skipped="0">
  <testcase classname="TestCases.TestApp" name="testDemoQA" time="17.122"/>
</testsuite> <!-- TestCases.TestApp -->
