<?xml version="1.0" encoding="UTF-8"?>
<!-- Generated by org.testng.reporters.JUnitReportReporter -->
<testsuite hostname="LAPTOP-C9OS29IC" failures="0" tests="1" name="Testcases.Wikepedia_Test1" time="6.633" errors="0" timestamp="1 Aug 2020 18:44:08 GMT">
  <testcase classname="Testcases.Wikepedia_Test1" name="values_links" time="6.633"/>
</testsuite> <!-- Testcases.Wikepedia_Test1 -->
