<?xml version="1.0" encoding="UTF-8"?>
<!-- Generated by org.testng.reporters.JUnitReportReporter -->
<testsuite hostname="LAPTOP-C9OS29IC" failures="0" tests="1" name="Testcases.Udemy_WebTables_Test5" time="51.918" errors="0" timestamp="1 Aug 2020 18:36:55 GMT">
  <testcase classname="Testcases.Udemy_WebTables_Test5" name="tables" time="51.918"/>
</testsuite> <!-- Testcases.Udemy_WebTables_Test5 -->
