<?xml version="1.0" encoding="UTF-8"?>
<!-- Generated by org.testng.reporters.JUnitReportReporter -->
<testsuite hostname="LAPTOP-C9OS29IC" failures="0" tests="1" name="Testcases.Udemy_Assignment1_Test7" time="16.000" errors="0" timestamp="1 Aug 2020 18:39:11 GMT">
  <testcase classname="Testcases.Udemy_Assignment1_Test7" name="num_of_links" time="16.000"/>
</testsuite> <!-- Testcases.Udemy_Assignment1_Test7 -->
