<?xml version="1.0" encoding="UTF-8"?>
<!-- Generated by org.testng.reporters.JUnitReportReporter -->
<testsuite hostname="LAPTOP-C9OS29IC" failures="0" tests="1" name="Testcases.Udemy_Checkbox_Test4" time="8.554" errors="0" timestamp="1 Aug 2020 18:37:45 GMT">
  <testcase classname="Testcases.Udemy_Checkbox_Test4" name="check" time="8.554"/>
</testsuite> <!-- Testcases.Udemy_Checkbox_Test4 -->
